{"buildInfo":{"version":"1.0.0"},"level":"debug","message":"Server listening on port 3603","service":"orderMicroservice"}
{"buildInfo":{"version":"1.0.0"},"level":"debug","message":"Successfully connected to Mongo","service":"orderMicroservice"}
{"buildInfo":{"version":"1.0.0"},"level":"debug","message":"Server listening on port 3604","service":"orderMicroservice"}
{"buildInfo":{"version":"1.0.0"},"level":"debug","message":"Successfully connected to Mongo","service":"orderMicroservice"}
{"buildInfo":{"version":"1.0.0"},"level":"info","message":"Received a request on http://localhost:3604/myorder/orders/6970d9378021a075c70d87e9","service":"orderMicroservice"}
{"buildInfo":{"version":"1.0.0"},"level":"info","message":"Request received:{\n    \"method\":\"POST\",\n    \"url\":\"/myorder/orders/6970d9378021a075c70d87e9\",\n    \"status\":\"200\",\n    \"response-time\":\"response-time ms\"\n}","service":"orderMicroservice"}
{"buildInfo":{"version":"1.0.0"},"level":"debug","message":"Server listening on port 3604","service":"orderMicroservice"}
{"buildInfo":{"version":"1.0.0"},"level":"debug","message":"Successfully connected to Mongo","service":"orderMicroservice"}
{"buildInfo":{"version":"1.0.0"},"level":"debug","message":"Server listening on port 3604","service":"orderMicroservice"}
{"buildInfo":{"version":"1.0.0"},"level":"debug","message":"Successfully connected to Mongo","service":"orderMicroservice"}
{"buildInfo":{"version":"1.0.0"},"level":"debug","message":"Server listening on port 3604","service":"orderMicroservice"}
{"buildInfo":{"version":"1.0.0"},"level":"debug","message":"Successfully connected to Mongo","service":"orderMicroservice"}
{"buildInfo":{"version":"1.0.0"},"level":"debug","message":"Server listening on port 3604","service":"orderMicroservice"}
{"buildInfo":{"version":"1.0.0"},"level":"debug","message":"Successfully connected to Mongo","service":"orderMicroservice"}
{"buildInfo":{"version":"1.0.0"},"level":"debug","message":"Server listening on port 3604","service":"orderMicroservice"}
{"buildInfo":{"version":"1.0.0"},"level":"debug","message":"Successfully connected to Mongo","service":"orderMicroservice"}
{"buildInfo":{"version":"1.0.0"},"level":"info","message":"Received a request on http://localhost:3604/myorder/orders/Bret","service":"orderMicroservice"}
{"buildInfo":{"version":"1.0.0"},"level":"info","message":"Request received:{\n    \"method\":\"GET\",\n    \"url\":\"/myorder/orders/Bret\",\n    \"status\":\"200\",\n    \"response-time\":\"response-time ms\"\n}","service":"orderMicroservice"}
{"buildInfo":{"version":"1.0.0"},"level":"info","message":"Received a request on http://localhost:3604/myorder/orders/6970d9378021a075c70d87e9","service":"orderMicroservice"}
{"buildInfo":{"version":"1.0.0"},"level":"info","message":"Request received:{\n    \"method\":\"POST\",\n    \"url\":\"/myorder/orders/6970d9378021a075c70d87e9\",\n    \"status\":\"200\",\n    \"response-time\":\"response-time ms\"\n}","service":"orderMicroservice"}
{"buildInfo":{"version":"1.0.0"},"level":"info","message":"Received a request on http://localhost:3604/myorder/orders/Bret","service":"orderMicroservice"}
{"buildInfo":{"version":"1.0.0"},"level":"info","message":"Request received:{\n    \"method\":\"GET\",\n    \"url\":\"/myorder/orders/Bret\",\n    \"status\":\"200\",\n    \"response-time\":\"response-time ms\"\n}","service":"orderMicroservice"}
{"buildInfo":{"version":"1.0.0"},"level":"debug","message":"Server listening on port 3604","service":"orderMicroservice"}
{"buildInfo":{"version":"1.0.0"},"level":"debug","message":"Successfully connected to Mongo","service":"orderMicroservice"}
{"buildInfo":{"version":"1.0.0"},"level":"info","message":"Received a request on http://localhost:3604/myorder/orders/Bret","service":"orderMicroservice"}
{"buildInfo":{"version":"1.0.0"},"level":"info","message":"Request received:{\n    \"method\":\"GET\",\n    \"url\":\"/myorder/orders/Bret\",\n    \"status\":\"200\",\n    \"response-time\":\"response-time ms\"\n}","service":"orderMicroservice"}
{"buildInfo":{"version":"1.0.0"},"level":"debug","message":"Server listening on port 3604","service":"orderMicroservice"}
{"buildInfo":{"version":"1.0.0"},"level":"debug","message":"Successfully connected to Mongo","service":"orderMicroservice"}
{"buildInfo":{"version":"1.0.0"},"level":"info","message":"Received a request on http://localhost:3604/myorder/orders/Bret","service":"orderMicroservice"}
{"buildInfo":{"version":"1.0.0"},"level":"info","message":"Request received:{\n    \"method\":\"GET\",\n    \"url\":\"/myorder/orders/Bret\",\n    \"status\":\"200\",\n    \"response-time\":\"response-time ms\"\n}","service":"orderMicroservice"}
{"buildInfo":{"version":"1.0.0"},"level":"info","message":"Received a request on http://localhost:3604/myorder/orders/Bret","service":"orderMicroservice"}
{"buildInfo":{"version":"1.0.0"},"level":"info","message":"Request received:{\n    \"method\":\"GET\",\n    \"url\":\"/myorder/orders/Bret\",\n    \"status\":\"200\",\n    \"response-time\":\"response-time ms\"\n}","service":"orderMicroservice"}
{"buildInfo":{"version":"1.0.0"},"level":"info","message":"Received a request on http://localhost:3604/myorder/orders/Bret","service":"orderMicroservice"}
{"buildInfo":{"version":"1.0.0"},"level":"info","message":"Request received:{\n    \"method\":\"GET\",\n    \"url\":\"/myorder/orders/Bret\",\n    \"status\":\"200\",\n    \"response-time\":\"response-time ms\"\n}","service":"orderMicroservice"}
{"buildInfo":{"version":"1.0.0"},"level":"info","message":"Received a request on http://localhost:3604/myorder/orders/Samantha","service":"orderMicroservice"}
{"buildInfo":{"version":"1.0.0"},"level":"info","message":"Request received:{\n    \"method\":\"GET\",\n    \"url\":\"/myorder/orders/Samantha\",\n    \"status\":\"200\",\n    \"response-time\":\"response-time ms\"\n}","service":"orderMicroservice"}
{"buildInfo":{"version":"1.0.0"},"level":"info","message":"Received a request on http://localhost:3604/myorder/orders/6970d9378021a075c70d87e0","service":"orderMicroservice"}
{"buildInfo":{"version":"1.0.0"},"level":"info","message":"Request received:{\n    \"method\":\"POST\",\n    \"url\":\"/myorder/orders/6970d9378021a075c70d87e0\",\n    \"status\":\"200\",\n    \"response-time\":\"response-time ms\"\n}","service":"orderMicroservice"}
{"buildInfo":{"version":"1.0.0"},"level":"info","message":"Received a request on http://localhost:3604/myorder/orders/Samantha","service":"orderMicroservice"}
{"buildInfo":{"version":"1.0.0"},"level":"info","message":"Request received:{\n    \"method\":\"GET\",\n    \"url\":\"/myorder/orders/Samantha\",\n    \"status\":\"200\",\n    \"response-time\":\"response-time ms\"\n}","service":"orderMicroservice"}
{"buildInfo":{"version":"1.0.0"},"level":"info","message":"Received a request on http://localhost:3604/myorder/orders/Bret","service":"orderMicroservice"}
{"buildInfo":{"version":"1.0.0"},"level":"info","message":"Request received:{\n    \"method\":\"GET\",\n    \"url\":\"/myorder/orders/Bret\",\n    \"status\":\"200\",\n    \"response-time\":\"response-time ms\"\n}","service":"orderMicroservice"}
{"buildInfo":{"version":"1.0.0"},"level":"info","message":"Received a request on http://localhost:3604/myorder/orders/Bret","service":"orderMicroservice"}
{"buildInfo":{"version":"1.0.0"},"level":"info","message":"Request received:{\n    \"method\":\"GET\",\n    \"url\":\"/myorder/orders/Bret\",\n    \"status\":\"200\",\n    \"response-time\":\"response-time ms\"\n}","service":"orderMicroservice"}
{"buildInfo":{"version":"1.0.0"},"level":"info","message":"Received a request on http://localhost:3604/myorder/orders/6970d9378021a075c70d87e9","service":"orderMicroservice"}
{"buildInfo":{"version":"1.0.0"},"level":"info","message":"Request received:{\n    \"method\":\"POST\",\n    \"url\":\"/myorder/orders/6970d9378021a075c70d87e9\",\n    \"status\":\"200\",\n    \"response-time\":\"response-time ms\"\n}","service":"orderMicroservice"}
{"buildInfo":{"version":"1.0.0"},"level":"info","message":"Received a request on http://localhost:3604/myorder/orders/Bret","service":"orderMicroservice"}
{"buildInfo":{"version":"1.0.0"},"level":"info","message":"Request received:{\n    \"method\":\"GET\",\n    \"url\":\"/myorder/orders/Bret\",\n    \"status\":\"200\",\n    \"response-time\":\"response-time ms\"\n}","service":"orderMicroservice"}
{"buildInfo":{"version":"1.0.0"},"level":"info","message":"Received a request on http://localhost:3604/myorder/orders/Bret","service":"orderMicroservice"}
{"buildInfo":{"version":"1.0.0"},"level":"info","message":"Request received:{\n    \"method\":\"GET\",\n    \"url\":\"/myorder/orders/Bret\",\n    \"status\":\"200\",\n    \"response-time\":\"response-time ms\"\n}","service":"orderMicroservice"}
{"buildInfo":{"version":"1.0.0"},"level":"info","message":"Received a request on http://localhost:3604/myorder/orders/6970d9378021a075c70d87e9","service":"orderMicroservice"}
{"buildInfo":{"version":"1.0.0"},"level":"info","message":"Request received:{\n    \"method\":\"POST\",\n    \"url\":\"/myorder/orders/6970d9378021a075c70d87e9\",\n    \"status\":\"200\",\n    \"response-time\":\"response-time ms\"\n}","service":"orderMicroservice"}
{"buildInfo":{"version":"1.0.0"},"level":"info","message":"Received a request on http://localhost:3604/myorder/orders/Bret","service":"orderMicroservice"}
{"buildInfo":{"version":"1.0.0"},"level":"info","message":"Request received:{\n    \"method\":\"GET\",\n    \"url\":\"/myorder/orders/Bret\",\n    \"status\":\"200\",\n    \"response-time\":\"response-time ms\"\n}","service":"orderMicroservice"}
{"buildInfo":{"version":"1.0.0"},"level":"info","message":"Received a request on http://localhost:3604/myorder/orders/Bret","service":"orderMicroservice"}
{"buildInfo":{"version":"1.0.0"},"level":"info","message":"Request received:{\n    \"method\":\"GET\",\n    \"url\":\"/myorder/orders/Bret\",\n    \"status\":\"200\",\n    \"response-time\":\"response-time ms\"\n}","service":"orderMicroservice"}
{"buildInfo":{"version":"1.0.0"},"level":"debug","message":"Server listening on port 3604","service":"orderMicroservice"}
{"buildInfo":{"version":"1.0.0"},"level":"debug","message":"Successfully connected to Mongo","service":"orderMicroservice"}
{"buildInfo":{"version":"1.0.0"},"level":"info","message":"Received a request on http://localhost:3604/myorder/orders/Bret","service":"orderMicroservice"}
{"buildInfo":{"version":"1.0.0"},"level":"info","message":"Request received:{\n    \"method\":\"GET\",\n    \"url\":\"/myorder/orders/Bret\",\n    \"status\":\"200\",\n    \"response-time\":\"response-time ms\"\n}","service":"orderMicroservice"}
{"buildInfo":{"version":"1.0.0"},"level":"debug","message":"Server listening on port 3604","service":"orderMicroservice"}
{"buildInfo":{"version":"1.0.0"},"level":"debug","message":"Successfully connected to Mongo","service":"orderMicroservice"}
{"buildInfo":{"version":"1.0.0"},"level":"info","message":"Received a request on http://localhost:3604/myorder/orders/Bret","service":"orderMicroservice"}
{"buildInfo":{"version":"1.0.0"},"level":"info","message":"Request received:{\n    \"method\":\"GET\",\n    \"url\":\"/myorder/orders/Bret\",\n    \"status\":\"200\",\n    \"response-time\":\"response-time ms\"\n}","service":"orderMicroservice"}
{"buildInfo":{"version":"1.0.0"},"level":"info","message":"Received a request on http://localhost:3604/myorder/orders/6970d9378021a075c70d87e9","service":"orderMicroservice"}
{"buildInfo":{"version":"1.0.0"},"level":"info","message":"Request received:{\n    \"method\":\"POST\",\n    \"url\":\"/myorder/orders/6970d9378021a075c70d87e9\",\n    \"status\":\"200\",\n    \"response-time\":\"response-time ms\"\n}","service":"orderMicroservice"}
{"buildInfo":{"version":"1.0.0"},"level":"info","message":"Received a request on http://localhost:3604/myorder/orders/Bret","service":"orderMicroservice"}
{"buildInfo":{"version":"1.0.0"},"level":"info","message":"Request received:{\n    \"method\":\"GET\",\n    \"url\":\"/myorder/orders/Bret\",\n    \"status\":\"200\",\n    \"response-time\":\"response-time ms\"\n}","service":"orderMicroservice"}
{"buildInfo":{"version":"1.0.0"},"level":"info","message":"Received a request on http://localhost:3604/myorder/orders/Bret","service":"orderMicroservice"}
{"buildInfo":{"version":"1.0.0"},"level":"info","message":"Request received:{\n    \"method\":\"GET\",\n    \"url\":\"/myorder/orders/Bret\",\n    \"status\":\"200\",\n    \"response-time\":\"response-time ms\"\n}","service":"orderMicroservice"}
{"buildInfo":{"version":"1.0.0"},"level":"info","message":"Received a request on http://localhost:3604/myorder/orders/Bret","service":"orderMicroservice"}
{"buildInfo":{"version":"1.0.0"},"level":"info","message":"Request received:{\n    \"method\":\"GET\",\n    \"url\":\"/myorder/orders/Bret\",\n    \"status\":\"200\",\n    \"response-time\":\"response-time ms\"\n}","service":"orderMicroservice"}
{"buildInfo":{"version":"1.0.0"},"level":"info","message":"Received a request on http://localhost:3604/myorder/orders/Samantha","service":"orderMicroservice"}
{"buildInfo":{"version":"1.0.0"},"level":"info","message":"Request received:{\n    \"method\":\"GET\",\n    \"url\":\"/myorder/orders/Samantha\",\n    \"status\":\"200\",\n    \"response-time\":\"response-time ms\"\n}","service":"orderMicroservice"}
{"buildInfo":{"version":"1.0.0"},"level":"info","message":"Received a request on http://localhost:3604/myorder/orders/6970d9378021a075c70d87e0","service":"orderMicroservice"}
{"buildInfo":{"version":"1.0.0"},"level":"info","message":"Request received:{\n    \"method\":\"POST\",\n    \"url\":\"/myorder/orders/6970d9378021a075c70d87e0\",\n    \"status\":\"200\",\n    \"response-time\":\"response-time ms\"\n}","service":"orderMicroservice"}
{"buildInfo":{"version":"1.0.0"},"level":"info","message":"Received a request on http://localhost:3604/myorder/orders/Samantha","service":"orderMicroservice"}
{"buildInfo":{"version":"1.0.0"},"level":"info","message":"Request received:{\n    \"method\":\"GET\",\n    \"url\":\"/myorder/orders/Samantha\",\n    \"status\":\"200\",\n    \"response-time\":\"response-time ms\"\n}","service":"orderMicroservice"}
{"buildInfo":{"version":"1.0.0"},"level":"info","message":"Received a request on http://localhost:3604/myorder/orders/Samantha","service":"orderMicroservice"}
{"buildInfo":{"version":"1.0.0"},"level":"info","message":"Request received:{\n    \"method\":\"GET\",\n    \"url\":\"/myorder/orders/Samantha\",\n    \"status\":\"200\",\n    \"response-time\":\"response-time ms\"\n}","service":"orderMicroservice"}
{"buildInfo":{"version":"1.0.0"},"level":"info","message":"Received a request on http://localhost:3604/myorder/orders/Samantha","service":"orderMicroservice"}
{"buildInfo":{"version":"1.0.0"},"level":"info","message":"Request received:{\n    \"method\":\"GET\",\n    \"url\":\"/myorder/orders/Samantha\",\n    \"status\":\"200\",\n    \"response-time\":\"response-time ms\"\n}","service":"orderMicroservice"}
{"buildInfo":{"version":"1.0.0"},"level":"info","message":"Received a request on http://localhost:3604/myorder/orders/Samantha","service":"orderMicroservice"}
{"buildInfo":{"version":"1.0.0"},"level":"info","message":"Request received:{\n    \"method\":\"GET\",\n    \"url\":\"/myorder/orders/Samantha\",\n    \"status\":\"200\",\n    \"response-time\":\"response-time ms\"\n}","service":"orderMicroservice"}
{"buildInfo":{"version":"1.0.0"},"level":"info","message":"Received a request on http://localhost:3604/myorder/orders/6970d9378021a075c70d87e0","service":"orderMicroservice"}
{"buildInfo":{"version":"1.0.0"},"level":"info","message":"Request received:{\n    \"method\":\"POST\",\n    \"url\":\"/myorder/orders/6970d9378021a075c70d87e0\",\n    \"status\":\"200\",\n    \"response-time\":\"response-time ms\"\n}","service":"orderMicroservice"}
{"buildInfo":{"version":"1.0.0"},"level":"info","message":"Received a request on http://localhost:3604/myorder/orders/Samantha","service":"orderMicroservice"}
{"buildInfo":{"version":"1.0.0"},"level":"info","message":"Request received:{\n    \"method\":\"GET\",\n    \"url\":\"/myorder/orders/Samantha\",\n    \"status\":\"200\",\n    \"response-time\":\"response-time ms\"\n}","service":"orderMicroservice"}
{"buildInfo":{"version":"1.0.0"},"level":"debug","message":"Server listening on port 3604","service":"orderMicroservice"}
{"buildInfo":{"version":"1.0.0"},"level":"debug","message":"Successfully connected to Mongo","service":"orderMicroservice"}
{"buildInfo":{"version":"1.0.0"},"level":"debug","message":"Server listening on port 3604","service":"orderMicroservice"}
{"buildInfo":{"version":"1.0.0"},"level":"debug","message":"Successfully connected to Mongo","service":"orderMicroservice"}
{"buildInfo":{"version":"1.0.0"},"level":"info","message":"Received a request on http://localhost:3604/myorder/orders/Samantha","service":"orderMicroservice"}
{"buildInfo":{"version":"1.0.0"},"level":"info","message":"Request received:{\n    \"method\":\"GET\",\n    \"url\":\"/myorder/orders/Samantha\",\n    \"status\":\"200\",\n    \"response-time\":\"response-time ms\"\n}","service":"orderMicroservice"}
{"buildInfo":{"version":"1.0.0"},"level":"info","message":"Received a request on http://localhost:3604/myorder/orders/Samantha","service":"orderMicroservice"}
{"buildInfo":{"version":"1.0.0"},"level":"info","message":"Request received:{\n    \"method\":\"GET\",\n    \"url\":\"/myorder/orders/Samantha\",\n    \"status\":\"200\",\n    \"response-time\":\"response-time ms\"\n}","service":"orderMicroservice"}
{"buildInfo":{"version":"1.0.0"},"level":"debug","message":"Server listening on port 3604","service":"orderMicroservice"}
{"buildInfo":{"version":"1.0.0"},"level":"debug","message":"Successfully connected to Mongo","service":"orderMicroservice"}
{"buildInfo":{"version":"1.0.0"},"level":"debug","message":"Server listening on port 3604","service":"orderMicroservice"}
{"buildInfo":{"version":"1.0.0"},"level":"debug","message":"Successfully connected to Mongo","service":"orderMicroservice"}
{"buildInfo":{"version":"1.0.0"},"level":"info","message":"Received a request on http://localhost:3604/myorder/orders/6970d9378021a075c70d87e9","service":"orderMicroservice"}
{"buildInfo":{"version":"1.0.0"},"level":"info","message":"Request received:{\n    \"method\":\"POST\",\n    \"url\":\"/myorder/orders/6970d9378021a075c70d87e9\",\n    \"status\":\"200\",\n    \"response-time\":\"response-time ms\"\n}","service":"orderMicroservice"}
{"buildInfo":{"version":"1.0.0"},"level":"info","message":"Received a request on http://localhost:3604/myorder/orders/Bret","service":"orderMicroservice"}
{"buildInfo":{"version":"1.0.0"},"level":"info","message":"Request received:{\n    \"method\":\"GET\",\n    \"url\":\"/myorder/orders/Bret\",\n    \"status\":\"200\",\n    \"response-time\":\"response-time ms\"\n}","service":"orderMicroservice"}
{"buildInfo":{"version":"1.0.0"},"level":"info","message":"Received a request on http://localhost:3604/myorder/order/status","service":"orderMicroservice"}
{"buildInfo":{"version":"1.0.0"},"level":"info","message":"Request received:{\n    \"method\":\"PUT\",\n    \"url\":\"/myorder/order/status\",\n    \"status\":\"200\",\n    \"response-time\":\"response-time ms\"\n}","service":"orderMicroservice"}
{"buildInfo":{"version":"1.0.0"},"level":"info","message":"Received a request on http://localhost:3604/myorder/orders/Bret","service":"orderMicroservice"}
{"buildInfo":{"version":"1.0.0"},"level":"info","message":"Request received:{\n    \"method\":\"GET\",\n    \"url\":\"/myorder/orders/Bret\",\n    \"status\":\"200\",\n    \"response-time\":\"response-time ms\"\n}","service":"orderMicroservice"}
{"buildInfo":{"version":"1.0.0"},"level":"info","message":"Received a request on http://localhost:3604/myorder/orders/6970d9378021a075c70d87e9","service":"orderMicroservice"}
{"buildInfo":{"version":"1.0.0"},"level":"info","message":"Request received:{\n    \"method\":\"POST\",\n    \"url\":\"/myorder/orders/6970d9378021a075c70d87e9\",\n    \"status\":\"200\",\n    \"response-time\":\"response-time ms\"\n}","service":"orderMicroservice"}
{"buildInfo":{"version":"1.0.0"},"level":"info","message":"Received a request on http://localhost:3604/myorder/orders/Bret","service":"orderMicroservice"}
{"buildInfo":{"version":"1.0.0"},"level":"info","message":"Request received:{\n    \"method\":\"GET\",\n    \"url\":\"/myorder/orders/Bret\",\n    \"status\":\"200\",\n    \"response-time\":\"response-time ms\"\n}","service":"orderMicroservice"}
{"buildInfo":{"version":"1.0.0"},"level":"info","message":"Received a request on http://localhost:3604/myorder/orders/Bret","service":"orderMicroservice"}
{"buildInfo":{"version":"1.0.0"},"level":"info","message":"Request received:{\n    \"method\":\"GET\",\n    \"url\":\"/myorder/orders/Bret\",\n    \"status\":\"200\",\n    \"response-time\":\"response-time ms\"\n}","service":"orderMicroservice"}
{"buildInfo":{"version":"1.0.0"},"level":"info","message":"Received a request on http://localhost:3604/myorder/orders/6970d9378021a075c70d87e9","service":"orderMicroservice"}
{"buildInfo":{"version":"1.0.0"},"level":"info","message":"Request received:{\n    \"method\":\"POST\",\n    \"url\":\"/myorder/orders/6970d9378021a075c70d87e9\",\n    \"status\":\"200\",\n    \"response-time\":\"response-time ms\"\n}","service":"orderMicroservice"}
{"buildInfo":{"version":"1.0.0"},"level":"info","message":"Received a request on http://localhost:3604/myorder/orders/Bret","service":"orderMicroservice"}
{"buildInfo":{"version":"1.0.0"},"level":"info","message":"Request received:{\n    \"method\":\"GET\",\n    \"url\":\"/myorder/orders/Bret\",\n    \"status\":\"200\",\n    \"response-time\":\"response-time ms\"\n}","service":"orderMicroservice"}
{"buildInfo":{"version":"1.0.0"},"level":"info","message":"Received a request on http://localhost:3604/myorder/orders/Bret","service":"orderMicroservice"}
{"buildInfo":{"version":"1.0.0"},"level":"info","message":"Request received:{\n    \"method\":\"GET\",\n    \"url\":\"/myorder/orders/Bret\",\n    \"status\":\"200\",\n    \"response-time\":\"response-time ms\"\n}","service":"orderMicroservice"}
{"buildInfo":{"version":"1.0.0"},"level":"debug","message":"Server listening on port 3604","service":"orderMicroservice"}
{"buildInfo":{"version":"1.0.0"},"level":"debug","message":"Successfully connected to Mongo","service":"orderMicroservice"}
{"buildInfo":{"version":"1.0.0"},"level":"info","message":"Received a request on http://localhost:3604/myorder/order/status","service":"orderMicroservice"}
{"buildInfo":{"version":"1.0.0"},"level":"info","message":"Request received:{\n    \"method\":\"PUT\",\n    \"url\":\"/myorder/order/status\",\n    \"status\":\"200\",\n    \"response-time\":\"response-time ms\"\n}","service":"orderMicroservice"}
{"buildInfo":{"version":"1.0.0"},"level":"info","message":"Received a request on http://localhost:3604/myorder/orders/Bret","service":"orderMicroservice"}
{"buildInfo":{"version":"1.0.0"},"level":"info","message":"Request received:{\n    \"method\":\"GET\",\n    \"url\":\"/myorder/orders/Bret\",\n    \"status\":\"200\",\n    \"response-time\":\"response-time ms\"\n}","service":"orderMicroservice"}
{"buildInfo":{"version":"1.0.0"},"level":"info","message":"Received a request on http://localhost:3604/myorder/orders/Bret","service":"orderMicroservice"}
{"buildInfo":{"version":"1.0.0"},"level":"info","message":"Request received:{\n    \"method\":\"GET\",\n    \"url\":\"/myorder/orders/Bret\",\n    \"status\":\"200\",\n    \"response-time\":\"response-time ms\"\n}","service":"orderMicroservice"}
{"buildInfo":{"version":"1.0.0"},"level":"info","message":"Received a request on http://localhost:3604/myorder/orders/Bret","service":"orderMicroservice"}
{"buildInfo":{"version":"1.0.0"},"level":"info","message":"Request received:{\n    \"method\":\"GET\",\n    \"url\":\"/myorder/orders/Bret\",\n    \"status\":\"200\",\n    \"response-time\":\"response-time ms\"\n}","service":"orderMicroservice"}
{"buildInfo":{"version":"1.0.0"},"level":"info","message":"Received a request on http://localhost:3604/myorder/orders/6970d9378021a075c70d87e9","service":"orderMicroservice"}
{"buildInfo":{"version":"1.0.0"},"level":"info","message":"Request received:{\n    \"method\":\"POST\",\n    \"url\":\"/myorder/orders/6970d9378021a075c70d87e9\",\n    \"status\":\"200\",\n    \"response-time\":\"response-time ms\"\n}","service":"orderMicroservice"}
{"buildInfo":{"version":"1.0.0"},"level":"info","message":"Received a request on http://localhost:3604/myorder/orders/Bret","service":"orderMicroservice"}
{"buildInfo":{"version":"1.0.0"},"level":"info","message":"Request received:{\n    \"method\":\"GET\",\n    \"url\":\"/myorder/orders/Bret\",\n    \"status\":\"200\",\n    \"response-time\":\"response-time ms\"\n}","service":"orderMicroservice"}
{"buildInfo":{"version":"1.0.0"},"level":"debug","message":"Server listening on port 3604","service":"orderMicroservice"}
{"buildInfo":{"version":"1.0.0"},"level":"debug","message":"Successfully connected to Mongo","service":"orderMicroservice"}
{"buildInfo":{"version":"1.0.0"},"level":"info","message":"Received a request on http://localhost:3604/myorder/orders/Bret","service":"orderMicroservice"}
{"buildInfo":{"version":"1.0.0"},"level":"info","message":"Request received:{\n    \"method\":\"GET\",\n    \"url\":\"/myorder/orders/Bret\",\n    \"status\":\"200\",\n    \"response-time\":\"response-time ms\"\n}","service":"orderMicroservice"}
{"buildInfo":{"version":"1.0.0"},"level":"debug","message":"Server listening on port 3604","service":"orderMicroservice"}
{"buildInfo":{"version":"1.0.0"},"level":"debug","message":"Successfully connected to Mongo","service":"orderMicroservice"}
{"buildInfo":{"version":"1.0.0"},"level":"info","message":"Received a request on http://localhost:3604/myorder/orders/Bret","service":"orderMicroservice"}
{"buildInfo":{"version":"1.0.0"},"level":"info","message":"Request received:{\n    \"method\":\"GET\",\n    \"url\":\"/myorder/orders/Bret\",\n    \"status\":\"200\",\n    \"response-time\":\"response-time ms\"\n}","service":"orderMicroservice"}
{"buildInfo":{"version":"1.0.0"},"level":"debug","message":"Server listening on port 3604","service":"orderMicroservice"}
{"buildInfo":{"version":"1.0.0"},"level":"debug","message":"Successfully connected to Mongo","service":"orderMicroservice"}
{"buildInfo":{"version":"1.0.0"},"level":"info","message":"Received a request on http://localhost:3604/myorder/orders/Bret","service":"orderMicroservice"}
{"buildInfo":{"version":"1.0.0"},"level":"info","message":"Request received:{\n    \"method\":\"GET\",\n    \"url\":\"/myorder/orders/Bret\",\n    \"status\":\"200\",\n    \"response-time\":\"response-time ms\"\n}","service":"orderMicroservice"}
{"buildInfo":{"version":"1.0.0"},"level":"debug","message":"Server listening on port 3604","service":"orderMicroservice"}
{"buildInfo":{"version":"1.0.0"},"level":"debug","message":"Successfully connected to Mongo","service":"orderMicroservice"}
{"buildInfo":{"version":"1.0.0"},"level":"info","message":"Received a request on http://localhost:3604/myorder/orders/Bret","service":"orderMicroservice"}
{"buildInfo":{"version":"1.0.0"},"level":"info","message":"Request received:{\n    \"method\":\"GET\",\n    \"url\":\"/myorder/orders/Bret\",\n    \"status\":\"200\",\n    \"response-time\":\"response-time ms\"\n}","service":"orderMicroservice"}
{"buildInfo":{"version":"1.0.0"},"level":"info","message":"Received a request on http://localhost:3604/myorder/orders/6970d9378021a075c70d87e9","service":"orderMicroservice"}
{"buildInfo":{"version":"1.0.0"},"level":"info","message":"Request received:{\n    \"method\":\"POST\",\n    \"url\":\"/myorder/orders/6970d9378021a075c70d87e9\",\n    \"status\":\"200\",\n    \"response-time\":\"response-time ms\"\n}","service":"orderMicroservice"}
{"buildInfo":{"version":"1.0.0"},"level":"info","message":"Received a request on http://localhost:3604/myorder/orders/Bret","service":"orderMicroservice"}
{"buildInfo":{"version":"1.0.0"},"level":"info","message":"Request received:{\n    \"method\":\"GET\",\n    \"url\":\"/myorder/orders/Bret\",\n    \"status\":\"200\",\n    \"response-time\":\"response-time ms\"\n}","service":"orderMicroservice"}
{"buildInfo":{"version":"1.0.0"},"level":"info","message":"Received a request on http://localhost:3604/myorder/orders/Bret","service":"orderMicroservice"}
{"buildInfo":{"version":"1.0.0"},"level":"info","message":"Request received:{\n    \"method\":\"GET\",\n    \"url\":\"/myorder/orders/Bret\",\n    \"status\":\"200\",\n    \"response-time\":\"response-time ms\"\n}","service":"orderMicroservice"}
{"buildInfo":{"version":"1.0.0"},"level":"info","message":"Received a request on http://localhost:3604/myorder/orders/6970d9378021a075c70d87e9","service":"orderMicroservice"}
{"buildInfo":{"version":"1.0.0"},"level":"info","message":"Request received:{\n    \"method\":\"POST\",\n    \"url\":\"/myorder/orders/6970d9378021a075c70d87e9\",\n    \"status\":\"200\",\n    \"response-time\":\"response-time ms\"\n}","service":"orderMicroservice"}
{"buildInfo":{"version":"1.0.0"},"level":"info","message":"Received a request on http://localhost:3604/myorder/orders/Bret","service":"orderMicroservice"}
{"buildInfo":{"version":"1.0.0"},"level":"info","message":"Request received:{\n    \"method\":\"GET\",\n    \"url\":\"/myorder/orders/Bret\",\n    \"status\":\"200\",\n    \"response-time\":\"response-time ms\"\n}","service":"orderMicroservice"}
{"buildInfo":{"version":"1.0.0"},"level":"info","message":"Received a request on http://localhost:3604/myorder/orders/Bret","service":"orderMicroservice"}
{"buildInfo":{"version":"1.0.0"},"level":"info","message":"Request received:{\n    \"method\":\"GET\",\n    \"url\":\"/myorder/orders/Bret\",\n    \"status\":\"200\",\n    \"response-time\":\"response-time ms\"\n}","service":"orderMicroservice"}
{"buildInfo":{"version":"1.0.0"},"level":"info","message":"Received a request on http://localhost:3604/myorder/orders/6970d9378021a075c70d87e9","service":"orderMicroservice"}
{"buildInfo":{"version":"1.0.0"},"level":"info","message":"Request received:{\n    \"method\":\"POST\",\n    \"url\":\"/myorder/orders/6970d9378021a075c70d87e9\",\n    \"status\":\"200\",\n    \"response-time\":\"response-time ms\"\n}","service":"orderMicroservice"}
{"buildInfo":{"version":"1.0.0"},"level":"info","message":"Received a request on http://localhost:3604/myorder/orders/Bret","service":"orderMicroservice"}
{"buildInfo":{"version":"1.0.0"},"level":"info","message":"Request received:{\n    \"method\":\"GET\",\n    \"url\":\"/myorder/orders/Bret\",\n    \"status\":\"200\",\n    \"response-time\":\"response-time ms\"\n}","service":"orderMicroservice"}
{"buildInfo":{"version":"1.0.0"},"level":"debug","message":"Server listening on port 3604","service":"orderMicroservice"}
{"buildInfo":{"version":"1.0.0"},"level":"debug","message":"Successfully connected to Mongo","service":"orderMicroservice"}
